[13-Dec-2018 14:56:56] PHP Warning:  require(userCheck.php): failed to open stream: No such file or directory in /home1/tltsecure/apache2/htdocs/vq/index.php on line 2
[13-Dec-2018 14:56:56] PHP Fatal error:  require(): Failed opening required 'userCheck.php' (include_path='.:/usr/share/pear:/usr/share/php') in /home1/tltsecure/apache2/htdocs/vq/index.php on line 2
[13-Dec-2018 14:57:43] PHP Warning:  file_get_contents(vqPlayer/index.html): failed to open stream: No such file or directory in /home1/tltsecure/apache2/htdocs/vq/index.php on line 54
[13-Dec-2018 14:57:43] PHP Warning:  file_get_contents(vqPlayer/index.html): failed to open stream: No such file or directory in /home1/tltsecure/apache2/htdocs/vq/index.php on line 54
[13-Dec-2018 14:57:50] PHP Warning:  file_get_contents(vqPlayer/index.html): failed to open stream: No such file or directory in /home1/tltsecure/apache2/htdocs/vq/index.php on line 54
[13-Dec-2018 14:57:56] PHP Warning:  file_get_contents(vqPlayer/index.html): failed to open stream: No such file or directory in /home1/tltsecure/apache2/htdocs/vq/index.php on line 54
[13-Dec-2018 14:57:57] PHP Warning:  file_get_contents(vqPlayer/index.html): failed to open stream: No such file or directory in /home1/tltsecure/apache2/htdocs/vq/index.php on line 54
[13-Dec-2018 14:58:02] PHP Warning:  file_get_contents(vqPlayer/index.html): failed to open stream: No such file or directory in /home1/tltsecure/apache2/htdocs/vq/index.php on line 54
[13-Dec-2018 14:59:26] PHP Warning:  file_get_contents(vqPlayer/index.html): failed to open stream: No such file or directory in /home1/tltsecure/apache2/htdocs/vq/index.php on line 54
[13-Dec-2018 14:59:26] PHP Warning:  file_get_contents(vqPlayer/index.html): failed to open stream: No such file or directory in /home1/tltsecure/apache2/htdocs/vq/index.php on line 54
[13-Dec-2018 15:00:14] PHP Warning:  file_get_contents(vqPlayer/index.html): failed to open stream: No such file or directory in /home1/tltsecure/apache2/htdocs/vq/index.php on line 54
[13-Dec-2018 15:02:36] PHP Parse error:  syntax error, unexpected T_VARIABLE, expecting '(' in /home1/tltsecure/apache2/htdocs/vq/userCheck.php on line 8
[13-Dec-2018 15:03:00] PHP Parse error:  syntax error, unexpected '{' in /home1/tltsecure/apache2/htdocs/vq/userCheck.php on line 8
[13-Dec-2018 15:03:36] PHP Parse error:  syntax error, unexpected '{' in /home1/tltsecure/apache2/htdocs/vq/userCheck.php on line 8
[13-Dec-2018 15:04:04] PHP Warning:  file_get_contents(vqPlayer/index.html): failed to open stream: No such file or directory in /home1/tltsecure/apache2/htdocs/vq/index.php on line 54
[13-Dec-2018 15:04:04] PHP Warning:  file_get_contents(vqPlayer/index.html): failed to open stream: No such file or directory in /home1/tltsecure/apache2/htdocs/vq/index.php on line 54
[13-Dec-2018 15:04:04] PHP Warning:  file_get_contents(vqPlayer/index.html): failed to open stream: No such file or directory in /home1/tltsecure/apache2/htdocs/vq/index.php on line 54
[13-Dec-2018 15:04:04] PHP Warning:  file_get_contents(vqPlayer/index.html): failed to open stream: No such file or directory in /home1/tltsecure/apache2/htdocs/vq/index.php on line 54
[13-Dec-2018 15:04:04] PHP Warning:  file_get_contents(vqPlayer/index.html): failed to open stream: No such file or directory in /home1/tltsecure/apache2/htdocs/vq/index.php on line 54
[13-Dec-2018 15:04:04] PHP Warning:  file_get_contents(vqPlayer/index.html): failed to open stream: No such file or directory in /home1/tltsecure/apache2/htdocs/vq/index.php on line 54
[13-Dec-2018 15:04:04] PHP Warning:  file_get_contents(vqPlayer/index.html): failed to open stream: No such file or directory in /home1/tltsecure/apache2/htdocs/vq/index.php on line 54
[13-Dec-2018 15:04:04] PHP Warning:  file_get_contents(vqPlayer/index.html): failed to open stream: No such file or directory in /home1/tltsecure/apache2/htdocs/vq/index.php on line 54
[13-Dec-2018 15:04:04] PHP Warning:  file_get_contents(vqPlayer/index.html): failed to open stream: No such file or directory in /home1/tltsecure/apache2/htdocs/vq/index.php on line 54
[13-Dec-2018 15:04:04] PHP Warning:  file_get_contents(vqPlayer/index.html): failed to open stream: No such file or directory in /home1/tltsecure/apache2/htdocs/vq/index.php on line 54
[13-Dec-2018 15:04:04] PHP Warning:  file_get_contents(vqPlayer/index.html): failed to open stream: No such file or directory in /home1/tltsecure/apache2/htdocs/vq/index.php on line 54
[13-Dec-2018 15:04:04] PHP Warning:  file_get_contents(vqPlayer/index.html): failed to open stream: No such file or directory in /home1/tltsecure/apache2/htdocs/vq/index.php on line 54
[13-Dec-2018 15:04:04] PHP Warning:  file_get_contents(vqPlayer/index.html): failed to open stream: No such file or directory in /home1/tltsecure/apache2/htdocs/vq/index.php on line 54
[13-Dec-2018 15:04:04] PHP Warning:  file_get_contents(vqPlayer/index.html): failed to open stream: No such file or directory in /home1/tltsecure/apache2/htdocs/vq/index.php on line 54
[13-Dec-2018 15:04:04] PHP Warning:  file_get_contents(vqPlayer/index.html): failed to open stream: No such file or directory in /home1/tltsecure/apache2/htdocs/vq/index.php on line 54
[13-Dec-2018 15:04:04] PHP Warning:  file_get_contents(vqPlayer/index.html): failed to open stream: No such file or directory in /home1/tltsecure/apache2/htdocs/vq/index.php on line 54
[13-Dec-2018 15:04:04] PHP Warning:  file_get_contents(vqPlayer/index.html): failed to open stream: No such file or directory in /home1/tltsecure/apache2/htdocs/vq/index.php on line 54
[13-Dec-2018 15:04:04] PHP Warning:  file_get_contents(vqPlayer/index.html): failed to open stream: No such file or directory in /home1/tltsecure/apache2/htdocs/vq/index.php on line 54
[13-Dec-2018 15:04:04] PHP Warning:  file_get_contents(vqPlayer/index.html): failed to open stream: No such file or directory in /home1/tltsecure/apache2/htdocs/vq/index.php on line 54
[13-Dec-2018 15:04:04] PHP Warning:  file_get_contents(vqPlayer/index.html): failed to open stream: No such file or directory in /home1/tltsecure/apache2/htdocs/vq/index.php on line 54
[13-Dec-2018 15:05:53] PHP Warning:  file_get_contents(vqPlayer/index.html): failed to open stream: No such file or directory in /home1/tltsecure/apache2/htdocs/vq/index.php on line 54
